<?xml version="1.0" encoding="UTF-8"?>
<!-- Generated by org.testng.reporters.JUnitXMLReporter -->
<testsuite ignored="0" hostname="DESKTOP-2EROCFA" failures="1" tests="1" name="Test_Chrome" time="7.302" errors="0" timestamp="2022-06-01T16:31:44 IST">
  <testcase classname="com.Test.TC_001_verifyloginPage" name="verifyFBloginTest_Invaliddata" time="0.467">
    <failure type="java.lang.AssertionError" message="expected [true] but found [false]">
      <![CDATA[java.lang.AssertionError: expected [true] but found [false]
at com.Test.TC_001_verifyloginPage.verifyFBloginTest_Invaliddata(TC_001_verifyloginPage.java:27)
at java.base/java.util.ArrayList.forEach(ArrayList.java:1511)
... Removed 32 stack frames]]>
    </failure>
  </testcase> <!-- verifyFBloginTest_Invaliddata -->
</testsuite> <!-- Test_Chrome -->
